Web / API server started at http://localhost:4000
d [FetchError]: request to http://localhost:4400/emulators failed, reason: connect ETIMEDOUT 127.0.0.1:4400
    at ClientRequest.<anonymous> (C:\Users\Admin\.cache\firebase\emulators\ui-v1.4.2\server.bundle.js:326:16793)
    at ClientRequest.emit (node:events:369:20)
    at Socket.socketErrorListener (node:_http_client:472:9)
    at Socket.emit (node:events:369:20)
    at emitErrorNT (node:internal/streams/destroy:188:8)
    at emitErrorCloseNT (node:internal/streams/destroy:153:3)
    at processTicksAndRejections (node:internal/process/task_queues:81:21) {
  type: 'system',
  errno: 'ETIMEDOUT',
  code: 'ETIMEDOUT'
}
d [FetchError]: request to http://localhost:4400/emulators failed, reason: connect ETIMEDOUT 127.0.0.1:4400
    at ClientRequest.<anonymous> (C:\Users\Admin\.cache\firebase\emulators\ui-v1.4.2\server.bundle.js:326:16793)
    at ClientRequest.emit (node:events:369:20)
    at Socket.socketErrorListener (node:_http_client:472:9)
    at Socket.emit (node:events:369:20)
    at emitErrorNT (node:internal/streams/destroy:188:8)
    at emitErrorCloseNT (node:internal/streams/destroy:153:3)
    at processTicksAndRejections (node:internal/process/task_queues:81:21) {
  type: 'system',
  errno: 'ETIMEDOUT',
  code: 'ETIMEDOUT'
}
d [FetchError]: request to http://localhost:4400/emulators failed, reason: connect ETIMEDOUT 127.0.0.1:4400
    at ClientRequest.<anonymous> (C:\Users\Admin\.cache\firebase\emulators\ui-v1.4.2\server.bundle.js:326:16793)
    at ClientRequest.emit (node:events:369:20)
    at Socket.socketErrorListener (node:_http_client:472:9)
    at Socket.emit (node:events:369:20)
    at emitErrorNT (node:internal/streams/destroy:188:8)
    at emitErrorCloseNT (node:internal/streams/destroy:153:3)
    at processTicksAndRejections (node:internal/process/task_queues:81:21) {
  type: 'system',
  errno: 'ETIMEDOUT',
  code: 'ETIMEDOUT'
}
d [FetchError]: request to http://localhost:4400/emulators failed, reason: connect ETIMEDOUT 127.0.0.1:4400
    at ClientRequest.<anonymous> (C:\Users\Admin\.cache\firebase\emulators\ui-v1.4.2\server.bundle.js:326:16793)
    at ClientRequest.emit (node:events:369:20)
    at Socket.socketErrorListener (node:_http_client:472:9)
    at Socket.emit (node:events:369:20)
    at emitErrorNT (node:internal/streams/destroy:188:8)
    at emitErrorCloseNT (node:internal/streams/destroy:153:3)
    at processTicksAndRejections (node:internal/process/task_queues:81:21) {
  type: 'system',
  errno: 'ETIMEDOUT',
  code: 'ETIMEDOUT'
}
d [FetchError]: request to http://localhost:4400/emulators failed, reason: connect ETIMEDOUT 127.0.0.1:4400
    at ClientRequest.<anonymous> (C:\Users\Admin\.cache\firebase\emulators\ui-v1.4.2\server.bundle.js:326:16793)
    at ClientRequest.emit (node:events:369:20)
    at Socket.socketErrorListener (node:_http_client:472:9)
    at Socket.emit (node:events:369:20)
    at emitErrorNT (node:internal/streams/destroy:188:8)
    at emitErrorCloseNT (node:internal/streams/destroy:153:3)
    at processTicksAndRejections (node:internal/process/task_queues:81:21) {
  type: 'system',
  errno: 'ETIMEDOUT',
  code: 'ETIMEDOUT'
}
d [FetchError]: request to http://localhost:4400/emulators failed, reason: connect ETIMEDOUT 127.0.0.1:4400
    at ClientRequest.<anonymous> (C:\Users\Admin\.cache\firebase\emulators\ui-v1.4.2\server.bundle.js:326:16793)
    at ClientRequest.emit (node:events:369:20)
    at Socket.socketErrorListener (node:_http_client:472:9)
    at Socket.emit (node:events:369:20)
    at emitErrorNT (node:internal/streams/destroy:188:8)
    at emitErrorCloseNT (node:internal/streams/destroy:153:3)
    at processTicksAndRejections (node:internal/process/task_queues:81:21) {
  type: 'system',
  errno: 'ETIMEDOUT',
  code: 'ETIMEDOUT'
}
d [FetchError]: request to http://localhost:4400/emulators failed, reason: connect ETIMEDOUT 127.0.0.1:4400
    at ClientRequest.<anonymous> (C:\Users\Admin\.cache\firebase\emulators\ui-v1.4.2\server.bundle.js:326:16793)
    at ClientRequest.emit (node:events:369:20)
    at Socket.socketErrorListener (node:_http_client:472:9)
    at Socket.emit (node:events:369:20)
    at emitErrorNT (node:internal/streams/destroy:188:8)
    at emitErrorCloseNT (node:internal/streams/destroy:153:3)
    at processTicksAndRejections (node:internal/process/task_queues:81:21) {
  type: 'system',
  errno: 'ETIMEDOUT',
  code: 'ETIMEDOUT'
}
d [FetchError]: request to http://localhost:4400/emulators failed, reason: connect ETIMEDOUT 127.0.0.1:4400
    at ClientRequest.<anonymous> (C:\Users\Admin\.cache\firebase\emulators\ui-v1.4.2\server.bundle.js:326:16793)
    at ClientRequest.emit (node:events:369:20)
    at Socket.socketErrorListener (node:_http_client:472:9)
    at Socket.emit (node:events:369:20)
    at emitErrorNT (node:internal/streams/destroy:188:8)
    at emitErrorCloseNT (node:internal/streams/destroy:153:3)
    at processTicksAndRejections (node:internal/process/task_queues:81:21) {
  type: 'system',
  errno: 'ETIMEDOUT',
  code: 'ETIMEDOUT'
}
d [FetchError]: request to http://localhost:4400/emulators failed, reason: connect ETIMEDOUT 127.0.0.1:4400
    at ClientRequest.<anonymous> (C:\Users\Admin\.cache\firebase\emulators\ui-v1.4.2\server.bundle.js:326:16793)
    at ClientRequest.emit (node:events:369:20)
    at Socket.socketErrorListener (node:_http_client:472:9)
    at Socket.emit (node:events:369:20)
    at emitErrorNT (node:internal/streams/destroy:188:8)
    at emitErrorCloseNT (node:internal/streams/destroy:153:3)
    at processTicksAndRejections (node:internal/process/task_queues:81:21) {
  type: 'system',
  errno: 'ETIMEDOUT',
  code: 'ETIMEDOUT'
}
d [FetchError]: request to http://localhost:4400/emulators failed, reason: connect ETIMEDOUT 127.0.0.1:4400
    at ClientRequest.<anonymous> (C:\Users\Admin\.cache\firebase\emulators\ui-v1.4.2\server.bundle.js:326:16793)
    at ClientRequest.emit (node:events:369:20)
    at Socket.socketErrorListener (node:_http_client:472:9)
    at Socket.emit (node:events:369:20)
    at emitErrorNT (node:internal/streams/destroy:188:8)
    at emitErrorCloseNT (node:internal/streams/destroy:153:3)
    at processTicksAndRejections (node:internal/process/task_queues:81:21) {
  type: 'system',
  errno: 'ETIMEDOUT',
  code: 'ETIMEDOUT'
}
d [FetchError]: request to http://localhost:4400/emulators failed, reason: connect ETIMEDOUT 127.0.0.1:4400
    at ClientRequest.<anonymous> (C:\Users\Admin\.cache\firebase\emulators\ui-v1.4.2\server.bundle.js:326:16793)
    at ClientRequest.emit (node:events:369:20)
    at Socket.socketErrorListener (node:_http_client:472:9)
    at Socket.emit (node:events:369:20)
    at emitErrorNT (node:internal/streams/destroy:188:8)
    at emitErrorCloseNT (node:internal/streams/destroy:153:3)
    at processTicksAndRejections (node:internal/process/task_queues:81:21) {
  type: 'system',
  errno: 'ETIMEDOUT',
  code: 'ETIMEDOUT'
}
d [FetchError]: request to http://localhost:4400/emulators failed, reason: connect ETIMEDOUT 127.0.0.1:4400
    at ClientRequest.<anonymous> (C:\Users\Admin\.cache\firebase\emulators\ui-v1.4.2\server.bundle.js:326:16793)
    at ClientRequest.emit (node:events:369:20)
    at Socket.socketErrorListener (node:_http_client:472:9)
    at Socket.emit (node:events:369:20)
    at emitErrorNT (node:internal/streams/destroy:188:8)
    at emitErrorCloseNT (node:internal/streams/destroy:153:3)
    at processTicksAndRejections (node:internal/process/task_queues:81:21) {
  type: 'system',
  errno: 'ETIMEDOUT',
  code: 'ETIMEDOUT'
}
d [FetchError]: request to http://localhost:4400/emulators failed, reason: connect ETIMEDOUT 127.0.0.1:4400
    at ClientRequest.<anonymous> (C:\Users\Admin\.cache\firebase\emulators\ui-v1.4.2\server.bundle.js:326:16793)
    at ClientRequest.emit (node:events:369:20)
    at Socket.socketErrorListener (node:_http_client:472:9)
    at Socket.emit (node:events:369:20)
    at emitErrorNT (node:internal/streams/destroy:188:8)
    at emitErrorCloseNT (node:internal/streams/destroy:153:3)
    at processTicksAndRejections (node:internal/process/task_queues:81:21) {
  type: 'system',
  errno: 'ETIMEDOUT',
  code: 'ETIMEDOUT'
}
d [FetchError]: request to http://localhost:4400/emulators failed, reason: connect ETIMEDOUT 127.0.0.1:4400
    at ClientRequest.<anonymous> (C:\Users\Admin\.cache\firebase\emulators\ui-v1.4.2\server.bundle.js:326:16793)
    at ClientRequest.emit (node:events:369:20)
    at Socket.socketErrorListener (node:_http_client:472:9)
    at Socket.emit (node:events:369:20)
    at emitErrorNT (node:internal/streams/destroy:188:8)
    at emitErrorCloseNT (node:internal/streams/destroy:153:3)
    at processTicksAndRejections (node:internal/process/task_queues:81:21) {
  type: 'system',
  errno: 'ETIMEDOUT',
  code: 'ETIMEDOUT'
}
d [FetchError]: request to http://localhost:4400/emulators failed, reason: connect ETIMEDOUT 127.0.0.1:4400
    at ClientRequest.<anonymous> (C:\Users\Admin\.cache\firebase\emulators\ui-v1.4.2\server.bundle.js:326:16793)
    at ClientRequest.emit (node:events:369:20)
    at Socket.socketErrorListener (node:_http_client:472:9)
    at Socket.emit (node:events:369:20)
    at emitErrorNT (node:internal/streams/destroy:188:8)
    at emitErrorCloseNT (node:internal/streams/destroy:153:3)
    at processTicksAndRejections (node:internal/process/task_queues:81:21) {
  type: 'system',
  errno: 'ETIMEDOUT',
  code: 'ETIMEDOUT'
}
d [FetchError]: request to http://localhost:4400/emulators failed, reason: connect ETIMEDOUT 127.0.0.1:4400
    at ClientRequest.<anonymous> (C:\Users\Admin\.cache\firebase\emulators\ui-v1.4.2\server.bundle.js:326:16793)
    at ClientRequest.emit (node:events:369:20)
    at Socket.socketErrorListener (node:_http_client:472:9)
    at Socket.emit (node:events:369:20)
    at emitErrorNT (node:internal/streams/destroy:188:8)
    at emitErrorCloseNT (node:internal/streams/destroy:153:3)
    at processTicksAndRejections (node:internal/process/task_queues:81:21) {
  type: 'system',
  errno: 'ETIMEDOUT',
  code: 'ETIMEDOUT'
}
d [FetchError]: request to http://localhost:4400/emulators failed, reason: connect ETIMEDOUT 127.0.0.1:4400
    at ClientRequest.<anonymous> (C:\Users\Admin\.cache\firebase\emulators\ui-v1.4.2\server.bundle.js:326:16793)
    at ClientRequest.emit (node:events:369:20)
    at Socket.socketErrorListener (node:_http_client:472:9)
    at Socket.emit (node:events:369:20)
    at emitErrorNT (node:internal/streams/destroy:188:8)
    at emitErrorCloseNT (node:internal/streams/destroy:153:3)
    at processTicksAndRejections (node:internal/process/task_queues:81:21) {
  type: 'system',
  errno: 'ETIMEDOUT',
  code: 'ETIMEDOUT'
}
d [FetchError]: request to http://localhost:4400/emulators failed, reason: connect ETIMEDOUT 127.0.0.1:4400
    at ClientRequest.<anonymous> (C:\Users\Admin\.cache\firebase\emulators\ui-v1.4.2\server.bundle.js:326:16793)
    at ClientRequest.emit (node:events:369:20)
    at Socket.socketErrorListener (node:_http_client:472:9)
    at Socket.emit (node:events:369:20)
    at emitErrorNT (node:internal/streams/destroy:188:8)
    at emitErrorCloseNT (node:internal/streams/destroy:153:3)
    at processTicksAndRejections (node:internal/process/task_queues:81:21) {
  type: 'system',
  errno: 'ETIMEDOUT',
  code: 'ETIMEDOUT'
}
d [FetchError]: request to http://localhost:4400/emulators failed, reason: connect ETIMEDOUT 127.0.0.1:4400
    at ClientRequest.<anonymous> (C:\Users\Admin\.cache\firebase\emulators\ui-v1.4.2\server.bundle.js:326:16793)
    at ClientRequest.emit (node:events:369:20)
    at Socket.socketErrorListener (node:_http_client:472:9)
    at Socket.emit (node:events:369:20)
    at emitErrorNT (node:internal/streams/destroy:188:8)
    at emitErrorCloseNT (node:internal/streams/destroy:153:3)
    at processTicksAndRejections (node:internal/process/task_queues:81:21) {
  type: 'system',
  errno: 'ETIMEDOUT',
  code: 'ETIMEDOUT'
}
d [FetchError]: request to http://localhost:4400/emulators failed, reason: connect ETIMEDOUT 127.0.0.1:4400
    at ClientRequest.<anonymous> (C:\Users\Admin\.cache\firebase\emulators\ui-v1.4.2\server.bundle.js:326:16793)
    at ClientRequest.emit (node:events:369:20)
    at Socket.socketErrorListener (node:_http_client:472:9)
    at Socket.emit (node:events:369:20)
    at emitErrorNT (node:internal/streams/destroy:188:8)
    at emitErrorCloseNT (node:internal/streams/destroy:153:3)
    at processTicksAndRejections (node:internal/process/task_queues:81:21) {
  type: 'system',
  errno: 'ETIMEDOUT',
  code: 'ETIMEDOUT'
}
d [FetchError]: request to http://localhost:4400/emulators failed, reason: connect ETIMEDOUT 127.0.0.1:4400
    at ClientRequest.<anonymous> (C:\Users\Admin\.cache\firebase\emulators\ui-v1.4.2\server.bundle.js:326:16793)
    at ClientRequest.emit (node:events:369:20)
    at Socket.socketErrorListener (node:_http_client:472:9)
    at Socket.emit (node:events:369:20)
    at emitErrorNT (node:internal/streams/destroy:188:8)
    at emitErrorCloseNT (node:internal/streams/destroy:153:3)
    at processTicksAndRejections (node:internal/process/task_queues:81:21) {
  type: 'system',
  errno: 'ETIMEDOUT',
  code: 'ETIMEDOUT'
}
d [FetchError]: request to http://localhost:4400/emulators failed, reason: connect ETIMEDOUT 127.0.0.1:4400
    at ClientRequest.<anonymous> (C:\Users\Admin\.cache\firebase\emulators\ui-v1.4.2\server.bundle.js:326:16793)
    at ClientRequest.emit (node:events:369:20)
    at Socket.socketErrorListener (node:_http_client:472:9)
    at Socket.emit (node:events:369:20)
    at emitErrorNT (node:internal/streams/destroy:188:8)
    at emitErrorCloseNT (node:internal/streams/destroy:153:3)
    at processTicksAndRejections (node:internal/process/task_queues:81:21) {
  type: 'system',
  errno: 'ETIMEDOUT',
  code: 'ETIMEDOUT'
}
d [FetchError]: request to http://localhost:4400/emulators failed, reason: connect ETIMEDOUT 127.0.0.1:4400
    at ClientRequest.<anonymous> (C:\Users\Admin\.cache\firebase\emulators\ui-v1.4.2\server.bundle.js:326:16793)
    at ClientRequest.emit (node:events:369:20)
    at Socket.socketErrorListener (node:_http_client:472:9)
    at Socket.emit (node:events:369:20)
    at emitErrorNT (node:internal/streams/destroy:188:8)
    at emitErrorCloseNT (node:internal/streams/destroy:153:3)
    at processTicksAndRejections (node:internal/process/task_queues:81:21) {
  type: 'system',
  errno: 'ETIMEDOUT',
  code: 'ETIMEDOUT'
}
d [FetchError]: request to http://localhost:4400/emulators failed, reason: connect ETIMEDOUT 127.0.0.1:4400
    at ClientRequest.<anonymous> (C:\Users\Admin\.cache\firebase\emulators\ui-v1.4.2\server.bundle.js:326:16793)
    at ClientRequest.emit (node:events:369:20)
    at Socket.socketErrorListener (node:_http_client:472:9)
    at Socket.emit (node:events:369:20)
    at emitErrorNT (node:internal/streams/destroy:188:8)
    at emitErrorCloseNT (node:internal/streams/destroy:153:3)
    at processTicksAndRejections (node:internal/process/task_queues:81:21) {
  type: 'system',
  errno: 'ETIMEDOUT',
  code: 'ETIMEDOUT'
}
d [FetchError]: request to http://localhost:4400/emulators failed, reason: connect ETIMEDOUT 127.0.0.1:4400
    at ClientRequest.<anonymous> (C:\Users\Admin\.cache\firebase\emulators\ui-v1.4.2\server.bundle.js:326:16793)
    at ClientRequest.emit (node:events:369:20)
    at Socket.socketErrorListener (node:_http_client:472:9)
    at Socket.emit (node:events:369:20)
    at emitErrorNT (node:internal/streams/destroy:188:8)
    at emitErrorCloseNT (node:internal/streams/destroy:153:3)
    at processTicksAndRejections (node:internal/process/task_queues:81:21) {
  type: 'system',
  errno: 'ETIMEDOUT',
  code: 'ETIMEDOUT'
}
d [FetchError]: request to http://localhost:4400/emulators failed, reason: connect ETIMEDOUT 127.0.0.1:4400
    at ClientRequest.<anonymous> (C:\Users\Admin\.cache\firebase\emulators\ui-v1.4.2\server.bundle.js:326:16793)
    at ClientRequest.emit (node:events:369:20)
    at Socket.socketErrorListener (node:_http_client:472:9)
    at Socket.emit (node:events:369:20)
    at emitErrorNT (node:internal/streams/destroy:188:8)
    at emitErrorCloseNT (node:internal/streams/destroy:153:3)
    at processTicksAndRejections (node:internal/process/task_queues:81:21) {
  type: 'system',
  errno: 'ETIMEDOUT',
  code: 'ETIMEDOUT'
}
d [FetchError]: request to http://localhost:4400/emulators failed, reason: connect ETIMEDOUT 127.0.0.1:4400
    at ClientRequest.<anonymous> (C:\Users\Admin\.cache\firebase\emulators\ui-v1.4.2\server.bundle.js:326:16793)
    at ClientRequest.emit (node:events:369:20)
    at Socket.socketErrorListener (node:_http_client:472:9)
    at Socket.emit (node:events:369:20)
    at emitErrorNT (node:internal/streams/destroy:188:8)
    at emitErrorCloseNT (node:internal/streams/destroy:153:3)
    at processTicksAndRejections (node:internal/process/task_queues:81:21) {
  type: 'system',
  errno: 'ETIMEDOUT',
  code: 'ETIMEDOUT'
}
d [FetchError]: request to http://localhost:4400/emulators failed, reason: connect ETIMEDOUT 127.0.0.1:4400
    at ClientRequest.<anonymous> (C:\Users\Admin\.cache\firebase\emulators\ui-v1.4.2\server.bundle.js:326:16793)
    at ClientRequest.emit (node:events:369:20)
    at Socket.socketErrorListener (node:_http_client:472:9)
    at Socket.emit (node:events:369:20)
    at emitErrorNT (node:internal/streams/destroy:188:8)
    at emitErrorCloseNT (node:internal/streams/destroy:153:3)
    at processTicksAndRejections (node:internal/process/task_queues:81:21) {
  type: 'system',
  errno: 'ETIMEDOUT',
  code: 'ETIMEDOUT'
}
d [FetchError]: request to http://localhost:4400/emulators failed, reason: connect ETIMEDOUT 127.0.0.1:4400
    at ClientRequest.<anonymous> (C:\Users\Admin\.cache\firebase\emulators\ui-v1.4.2\server.bundle.js:326:16793)
    at ClientRequest.emit (node:events:369:20)
    at Socket.socketErrorListener (node:_http_client:472:9)
    at Socket.emit (node:events:369:20)
    at emitErrorNT (node:internal/streams/destroy:188:8)
    at emitErrorCloseNT (node:internal/streams/destroy:153:3)
    at processTicksAndRejections (node:internal/process/task_queues:81:21) {
  type: 'system',
  errno: 'ETIMEDOUT',
  code: 'ETIMEDOUT'
}
d [FetchError]: request to http://localhost:4400/emulators failed, reason: connect ETIMEDOUT 127.0.0.1:4400
    at ClientRequest.<anonymous> (C:\Users\Admin\.cache\firebase\emulators\ui-v1.4.2\server.bundle.js:326:16793)
    at ClientRequest.emit (node:events:369:20)
    at Socket.socketErrorListener (node:_http_client:472:9)
    at Socket.emit (node:events:369:20)
    at emitErrorNT (node:internal/streams/destroy:188:8)
    at emitErrorCloseNT (node:internal/streams/destroy:153:3)
    at processTicksAndRejections (node:internal/process/task_queues:81:21) {
  type: 'system',
  errno: 'ETIMEDOUT',
  code: 'ETIMEDOUT'
}
d [FetchError]: request to http://localhost:4400/emulators failed, reason: connect ETIMEDOUT 127.0.0.1:4400
    at ClientRequest.<anonymous> (C:\Users\Admin\.cache\firebase\emulators\ui-v1.4.2\server.bundle.js:326:16793)
    at ClientRequest.emit (node:events:369:20)
    at Socket.socketErrorListener (node:_http_client:472:9)
    at Socket.emit (node:events:369:20)
    at emitErrorNT (node:internal/streams/destroy:188:8)
    at emitErrorCloseNT (node:internal/streams/destroy:153:3)
    at processTicksAndRejections (node:internal/process/task_queues:81:21) {
  type: 'system',
  errno: 'ETIMEDOUT',
  code: 'ETIMEDOUT'
}
d [FetchError]: request to http://localhost:4400/emulators failed, reason: connect ETIMEDOUT 127.0.0.1:4400
    at ClientRequest.<anonymous> (C:\Users\Admin\.cache\firebase\emulators\ui-v1.4.2\server.bundle.js:326:16793)
    at ClientRequest.emit (node:events:369:20)
    at Socket.socketErrorListener (node:_http_client:472:9)
    at Socket.emit (node:events:369:20)
    at emitErrorNT (node:internal/streams/destroy:188:8)
    at emitErrorCloseNT (node:internal/streams/destroy:153:3)
    at processTicksAndRejections (node:internal/process/task_queues:81:21) {
  type: 'system',
  errno: 'ETIMEDOUT',
  code: 'ETIMEDOUT'
}
d [FetchError]: request to http://localhost:4400/emulators failed, reason: connect ETIMEDOUT 127.0.0.1:4400
    at ClientRequest.<anonymous> (C:\Users\Admin\.cache\firebase\emulators\ui-v1.4.2\server.bundle.js:326:16793)
    at ClientRequest.emit (node:events:369:20)
    at Socket.socketErrorListener (node:_http_client:472:9)
    at Socket.emit (node:events:369:20)
    at emitErrorNT (node:internal/streams/destroy:188:8)
    at emitErrorCloseNT (node:internal/streams/destroy:153:3)
    at processTicksAndRejections (node:internal/process/task_queues:81:21) {
  type: 'system',
  errno: 'ETIMEDOUT',
  code: 'ETIMEDOUT'
}
d [FetchError]: request to http://localhost:4400/emulators failed, reason: connect ETIMEDOUT 127.0.0.1:4400
    at ClientRequest.<anonymous> (C:\Users\Admin\.cache\firebase\emulators\ui-v1.4.2\server.bundle.js:326:16793)
    at ClientRequest.emit (node:events:369:20)
    at Socket.socketErrorListener (node:_http_client:472:9)
    at Socket.emit (node:events:369:20)
    at emitErrorNT (node:internal/streams/destroy:188:8)
    at emitErrorCloseNT (node:internal/streams/destroy:153:3)
    at processTicksAndRejections (node:internal/process/task_queues:81:21) {
  type: 'system',
  errno: 'ETIMEDOUT',
  code: 'ETIMEDOUT'
}
d [FetchError]: request to http://localhost:4400/emulators failed, reason: connect ETIMEDOUT 127.0.0.1:4400
    at ClientRequest.<anonymous> (C:\Users\Admin\.cache\firebase\emulators\ui-v1.4.2\server.bundle.js:326:16793)
    at ClientRequest.emit (node:events:369:20)
    at Socket.socketErrorListener (node:_http_client:472:9)
    at Socket.emit (node:events:369:20)
    at emitErrorNT (node:internal/streams/destroy:188:8)
    at emitErrorCloseNT (node:internal/streams/destroy:153:3)
    at processTicksAndRejections (node:internal/process/task_queues:81:21) {
  type: 'system',
  errno: 'ETIMEDOUT',
  code: 'ETIMEDOUT'
}
d [FetchError]: request to http://localhost:4400/emulators failed, reason: connect ETIMEDOUT 127.0.0.1:4400
    at ClientRequest.<anonymous> (C:\Users\Admin\.cache\firebase\emulators\ui-v1.4.2\server.bundle.js:326:16793)
    at ClientRequest.emit (node:events:369:20)
    at Socket.socketErrorListener (node:_http_client:472:9)
    at Socket.emit (node:events:369:20)
    at emitErrorNT (node:internal/streams/destroy:188:8)
    at emitErrorCloseNT (node:internal/streams/destroy:153:3)
    at processTicksAndRejections (node:internal/process/task_queues:81:21) {
  type: 'system',
  errno: 'ETIMEDOUT',
  code: 'ETIMEDOUT'
}
d [FetchError]: request to http://localhost:4400/emulators failed, reason: connect ETIMEDOUT 127.0.0.1:4400
    at ClientRequest.<anonymous> (C:\Users\Admin\.cache\firebase\emulators\ui-v1.4.2\server.bundle.js:326:16793)
    at ClientRequest.emit (node:events:369:20)
    at Socket.socketErrorListener (node:_http_client:472:9)
    at Socket.emit (node:events:369:20)
    at emitErrorNT (node:internal/streams/destroy:188:8)
    at emitErrorCloseNT (node:internal/streams/destroy:153:3)
    at processTicksAndRejections (node:internal/process/task_queues:81:21) {
  type: 'system',
  errno: 'ETIMEDOUT',
  code: 'ETIMEDOUT'
}
d [FetchError]: request to http://localhost:4400/emulators failed, reason: connect ETIMEDOUT 127.0.0.1:4400
    at ClientRequest.<anonymous> (C:\Users\Admin\.cache\firebase\emulators\ui-v1.4.2\server.bundle.js:326:16793)
    at ClientRequest.emit (node:events:369:20)
    at Socket.socketErrorListener (node:_http_client:472:9)
    at Socket.emit (node:events:369:20)
    at emitErrorNT (node:internal/streams/destroy:188:8)
    at emitErrorCloseNT (node:internal/streams/destroy:153:3)
    at processTicksAndRejections (node:internal/process/task_queues:81:21) {
  type: 'system',
  errno: 'ETIMEDOUT',
  code: 'ETIMEDOUT'
}
d [FetchError]: request to http://localhost:4400/emulators failed, reason: connect ETIMEDOUT 127.0.0.1:4400
    at ClientRequest.<anonymous> (C:\Users\Admin\.cache\firebase\emulators\ui-v1.4.2\server.bundle.js:326:16793)
    at ClientRequest.emit (node:events:369:20)
    at Socket.socketErrorListener (node:_http_client:472:9)
    at Socket.emit (node:events:369:20)
    at emitErrorNT (node:internal/streams/destroy:188:8)
    at emitErrorCloseNT (node:internal/streams/destroy:153:3)
    at processTicksAndRejections (node:internal/process/task_queues:81:21) {
  type: 'system',
  errno: 'ETIMEDOUT',
  code: 'ETIMEDOUT'
}
d [FetchError]: request to http://localhost:4400/emulators failed, reason: connect ETIMEDOUT 127.0.0.1:4400
    at ClientRequest.<anonymous> (C:\Users\Admin\.cache\firebase\emulators\ui-v1.4.2\server.bundle.js:326:16793)
    at ClientRequest.emit (node:events:369:20)
    at Socket.socketErrorListener (node:_http_client:472:9)
    at Socket.emit (node:events:369:20)
    at emitErrorNT (node:internal/streams/destroy:188:8)
    at emitErrorCloseNT (node:internal/streams/destroy:153:3)
    at processTicksAndRejections (node:internal/process/task_queues:81:21) {
  type: 'system',
  errno: 'ETIMEDOUT',
  code: 'ETIMEDOUT'
}
d [FetchError]: request to http://localhost:4400/emulators failed, reason: connect ETIMEDOUT 127.0.0.1:4400
    at ClientRequest.<anonymous> (C:\Users\Admin\.cache\firebase\emulators\ui-v1.4.2\server.bundle.js:326:16793)
    at ClientRequest.emit (node:events:369:20)
    at Socket.socketErrorListener (node:_http_client:472:9)
    at Socket.emit (node:events:369:20)
    at emitErrorNT (node:internal/streams/destroy:188:8)
    at emitErrorCloseNT (node:internal/streams/destroy:153:3)
    at processTicksAndRejections (node:internal/process/task_queues:81:21) {
  type: 'system',
  errno: 'ETIMEDOUT',
  code: 'ETIMEDOUT'
}
d [FetchError]: request to http://localhost:4400/emulators failed, reason: connect ETIMEDOUT 127.0.0.1:4400
    at ClientRequest.<anonymous> (C:\Users\Admin\.cache\firebase\emulators\ui-v1.4.2\server.bundle.js:326:16793)
    at ClientRequest.emit (node:events:369:20)
    at Socket.socketErrorListener (node:_http_client:472:9)
    at Socket.emit (node:events:369:20)
    at emitErrorNT (node:internal/streams/destroy:188:8)
    at emitErrorCloseNT (node:internal/streams/destroy:153:3)
    at processTicksAndRejections (node:internal/process/task_queues:81:21) {
  type: 'system',
  errno: 'ETIMEDOUT',
  code: 'ETIMEDOUT'
}
d [FetchError]: request to http://localhost:4400/emulators failed, reason: connect ETIMEDOUT 127.0.0.1:4400
    at ClientRequest.<anonymous> (C:\Users\Admin\.cache\firebase\emulators\ui-v1.4.2\server.bundle.js:326:16793)
    at ClientRequest.emit (node:events:369:20)
    at Socket.socketErrorListener (node:_http_client:472:9)
    at Socket.emit (node:events:369:20)
    at emitErrorNT (node:internal/streams/destroy:188:8)
    at emitErrorCloseNT (node:internal/streams/destroy:153:3)
    at processTicksAndRejections (node:internal/process/task_queues:81:21) {
  type: 'system',
  errno: 'ETIMEDOUT',
  code: 'ETIMEDOUT'
}
d [FetchError]: request to http://localhost:4400/emulators failed, reason: connect ETIMEDOUT 127.0.0.1:4400
    at ClientRequest.<anonymous> (C:\Users\Admin\.cache\firebase\emulators\ui-v1.4.2\server.bundle.js:326:16793)
    at ClientRequest.emit (node:events:369:20)
    at Socket.socketErrorListener (node:_http_client:472:9)
    at Socket.emit (node:events:369:20)
    at emitErrorNT (node:internal/streams/destroy:188:8)
    at emitErrorCloseNT (node:internal/streams/destroy:153:3)
    at processTicksAndRejections (node:internal/process/task_queues:81:21) {
  type: 'system',
  errno: 'ETIMEDOUT',
  code: 'ETIMEDOUT'
}
d [FetchError]: request to http://localhost:4400/emulators failed, reason: connect ETIMEDOUT 127.0.0.1:4400
    at ClientRequest.<anonymous> (C:\Users\Admin\.cache\firebase\emulators\ui-v1.4.2\server.bundle.js:326:16793)
    at ClientRequest.emit (node:events:369:20)
    at Socket.socketErrorListener (node:_http_client:472:9)
    at Socket.emit (node:events:369:20)
    at emitErrorNT (node:internal/streams/destroy:188:8)
    at emitErrorCloseNT (node:internal/streams/destroy:153:3)
    at processTicksAndRejections (node:internal/process/task_queues:81:21) {
  type: 'system',
  errno: 'ETIMEDOUT',
  code: 'ETIMEDOUT'
}
d [FetchError]: request to http://localhost:4400/emulators failed, reason: connect ETIMEDOUT 127.0.0.1:4400
    at ClientRequest.<anonymous> (C:\Users\Admin\.cache\firebase\emulators\ui-v1.4.2\server.bundle.js:326:16793)
    at ClientRequest.emit (node:events:369:20)
    at Socket.socketErrorListener (node:_http_client:472:9)
    at Socket.emit (node:events:369:20)
    at emitErrorNT (node:internal/streams/destroy:188:8)
    at emitErrorCloseNT (node:internal/streams/destroy:153:3)
    at processTicksAndRejections (node:internal/process/task_queues:81:21) {
  type: 'system',
  errno: 'ETIMEDOUT',
  code: 'ETIMEDOUT'
}
d [FetchError]: request to http://localhost:4400/emulators failed, reason: connect ETIMEDOUT 127.0.0.1:4400
    at ClientRequest.<anonymous> (C:\Users\Admin\.cache\firebase\emulators\ui-v1.4.2\server.bundle.js:326:16793)
    at ClientRequest.emit (node:events:369:20)
    at Socket.socketErrorListener (node:_http_client:472:9)
    at Socket.emit (node:events:369:20)
    at emitErrorNT (node:internal/streams/destroy:188:8)
    at emitErrorCloseNT (node:internal/streams/destroy:153:3)
    at processTicksAndRejections (node:internal/process/task_queues:81:21) {
  type: 'system',
  errno: 'ETIMEDOUT',
  code: 'ETIMEDOUT'
}
d [FetchError]: request to http://localhost:4400/emulators failed, reason: connect ETIMEDOUT 127.0.0.1:4400
    at ClientRequest.<anonymous> (C:\Users\Admin\.cache\firebase\emulators\ui-v1.4.2\server.bundle.js:326:16793)
    at ClientRequest.emit (node:events:369:20)
    at Socket.socketErrorListener (node:_http_client:472:9)
    at Socket.emit (node:events:369:20)
    at emitErrorNT (node:internal/streams/destroy:188:8)
    at emitErrorCloseNT (node:internal/streams/destroy:153:3)
    at processTicksAndRejections (node:internal/process/task_queues:81:21) {
  type: 'system',
  errno: 'ETIMEDOUT',
  code: 'ETIMEDOUT'
}
